<?xml version="1.0" encoding="UTF-8"?>
<robot generator="Robot 4.1.3 (Python 3.9.7 on win32)" generated="20220202 16:32:21.907" rpa="false" schemaversion="2">
<suite id="s1" name="Successful Scenarios" source="D:\TruMinds\bookingrestapi\TestSuites\successful_scenarios.robot">
<test id="s1-t1" name="HealthCheck">
<kw name="GET" library="RequestsLibrary">
<var>${response}</var>
<arg>${base_url}${api}[ping]</arg>
<arg>expected_status=201</arg>
<doc>Sends a GET request.</doc>
<msg timestamp="20220202 16:32:23.382" level="INFO">GET Request : url=https://restful-booker.herokuapp.com/ping 
 path_url=/ping 
 headers={'User-Agent': 'python-requests/2.27.1', 'Accept-Encoding': 'gzip, deflate', 'Accept': '*/*', 'Connection': 'keep-alive'} 
 body=None 
 </msg>
<msg timestamp="20220202 16:32:23.383" level="INFO">GET Response : url=https://restful-booker.herokuapp.com/ping 
 status=201, reason=Created 
 headers={'Server': 'Cowboy', 'Connection': 'keep-alive', 'X-Powered-By': 'Express', 'Content-Type': 'text/plain; charset=utf-8', 'Content-Length': '7', 'Etag': 'W/"7-rM9AyJuqT6iOan/xHh+AW+7K/T8"', 'Date': 'Wed, 02 Feb 2022 11:02:21 GMT', 'Via': '1.1 vegur'} 
 body=Created 
 </msg>
<msg timestamp="20220202 16:32:23.383" level="INFO">${response} = &lt;Response [201]&gt;</msg>
<status status="PASS" starttime="20220202 16:32:22.128" endtime="20220202 16:32:23.384"/>
</kw>
<kw name="Should Be Equal As Strings" library="BuiltIn">
<arg>Created</arg>
<arg>${response.content}</arg>
<doc>Fails if objects are unequal after converting them to strings.</doc>
<msg timestamp="20220202 16:32:23.388" level="INFO">Argument types are:
&lt;type 'unicode'&gt;
&lt;class 'bytes'&gt;</msg>
<status status="PASS" starttime="20220202 16:32:23.385" endtime="20220202 16:32:23.388"/>
</kw>
<doc>A simple health check endpoint to confirm whether the API is up and running.</doc>
<tag>API</tag>
<tag>HealthCheck</tag>
<tag>Ping</tag>
<tag>Valid</tag>
<status status="PASS" starttime="20220202 16:32:22.126" endtime="20220202 16:32:23.389"/>
</test>
<test id="s1-t2" name="CreateToken">
<kw name="Create Dictionary" library="BuiltIn">
<var>${headers}</var>
<arg>Content-Type=application/json</arg>
<doc>Creates and returns a dictionary based on the given ``items``.</doc>
<msg timestamp="20220202 16:32:23.398" level="INFO">${headers} = {'Content-Type': 'application/json'}</msg>
<status status="PASS" starttime="20220202 16:32:23.396" endtime="20220202 16:32:23.398"/>
</kw>
<kw name="Create Dictionary" library="BuiltIn">
<var>${auth_details}</var>
<arg>username=${env}[admin_username]</arg>
<arg>password=${env}[admin_password]</arg>
<doc>Creates and returns a dictionary based on the given ``items``.</doc>
<msg timestamp="20220202 16:32:23.403" level="INFO">${auth_details} = {'username': 'admin', 'password': 'password123'}</msg>
<status status="PASS" starttime="20220202 16:32:23.399" endtime="20220202 16:32:23.403"/>
</kw>
<kw name="POST" library="RequestsLibrary">
<var>${response}</var>
<arg>${base_url}${api}[auth]</arg>
<arg>headers=${headers}</arg>
<arg>json=${auth_details}</arg>
<arg>expected_status=200</arg>
<doc>Sends a POST request.</doc>
<msg timestamp="20220202 16:32:24.788" level="INFO">POST Request : url=https://restful-booker.herokuapp.com/auth 
 path_url=/auth 
 headers={'User-Agent': 'python-requests/2.27.1', 'Accept-Encoding': 'gzip, deflate', 'Accept': '*/*', 'Connection': 'keep-alive', 'Content-Type': 'application/json', 'Content-Length': '48'} 
 body=b'{"username": "admin", "password": "password123"}' 
 </msg>
<msg timestamp="20220202 16:32:24.788" level="INFO">POST Response : url=https://restful-booker.herokuapp.com/auth 
 status=200, reason=OK 
 headers={'Server': 'Cowboy', 'Connection': 'keep-alive', 'X-Powered-By': 'Express', 'Content-Type': 'application/json; charset=utf-8', 'Content-Length': '27', 'Etag': 'W/"1b-mXjRNcMrMEsgzd59S+/tUGr2oWA"', 'Date': 'Wed, 02 Feb 2022 11:02:22 GMT', 'Via': '1.1 vegur'} 
 body={"token":"8f04503ef664693"} 
 </msg>
<msg timestamp="20220202 16:32:24.789" level="INFO">${response} = &lt;Response [200]&gt;</msg>
<status status="PASS" starttime="20220202 16:32:23.404" endtime="20220202 16:32:24.789"/>
</kw>
<kw name="Get Dictionary Keys" library="Collections">
<var>${keys}</var>
<arg>${response.json()}</arg>
<doc>Returns keys of the given ``dictionary`` as a list.</doc>
<msg timestamp="20220202 16:32:24.794" level="INFO">${keys} = ['token']</msg>
<status status="PASS" starttime="20220202 16:32:24.791" endtime="20220202 16:32:24.794"/>
</kw>
<kw name="Should Contain" library="BuiltIn">
<arg>${keys}</arg>
<arg>token</arg>
<doc>Fails if ``container`` does not contain ``item`` one or more times.</doc>
<status status="PASS" starttime="20220202 16:32:24.795" endtime="20220202 16:32:24.796"/>
</kw>
<kw name="Set Suite Variable" library="BuiltIn">
<arg>${token}</arg>
<arg>${response.json()}[token]</arg>
<doc>Makes a variable available everywhere within the scope of the current suite.</doc>
<msg timestamp="20220202 16:32:24.803" level="INFO">${token} = 8f04503ef664693</msg>
<status status="PASS" starttime="20220202 16:32:24.798" endtime="20220202 16:32:24.803"/>
</kw>
<doc>Creates a new auth token to be used for PUT and DELETE operations</doc>
<tag>API</tag>
<tag>Auth</tag>
<tag>CreateToken</tag>
<tag>Valid</tag>
<status status="PASS" starttime="20220202 16:32:23.393" endtime="20220202 16:32:24.804"/>
</test>
<test id="s1-t3" name="CreateBooking">
<kw name="Load JSON From File" library="JSONLibrary">
<var>${json_obj}</var>
<arg>${EXECDIR}/Variables/json/test_data.json</arg>
<doc>Load JSON from file.</doc>
<msg timestamp="20220202 16:32:24.813" level="INFO">${json_obj} = {'booking1': {'firstname': 'Jim', 'lastname': 'Brown', 'totalprice': 111, 'depositpaid': True, 'bookingdates': {'checkin': '2018-01-01', 'checkout': '2019-01-01'}, 'additionalneeds': 'Breakfast'}, 'bo...</msg>
<status status="PASS" starttime="20220202 16:32:24.811" endtime="20220202 16:32:24.814"/>
</kw>
<kw name="Get Value From Json" library="JSONLibrary">
<var>${booking1}</var>
<arg>${json_obj}</arg>
<arg>$.booking1</arg>
<doc>Get Value From JSON using JSONPath</doc>
<msg timestamp="20220202 16:32:24.874" level="INFO">${booking1} = [{'firstname': 'Jim', 'lastname': 'Brown', 'totalprice': 111, 'depositpaid': True, 'bookingdates': {'checkin': '2018-01-01', 'checkout': '2019-01-01'}, 'additionalneeds': 'Breakfast'}]</msg>
<status status="PASS" starttime="20220202 16:32:24.815" endtime="20220202 16:32:24.874"/>
</kw>
<kw name="Create Dictionary" library="BuiltIn">
<var>${headers}</var>
<arg>Content-Type=application/json</arg>
<arg>Accept=application/json</arg>
<doc>Creates and returns a dictionary based on the given ``items``.</doc>
<msg timestamp="20220202 16:32:24.877" level="INFO">${headers} = {'Content-Type': 'application/json', 'Accept': 'application/json'}</msg>
<status status="PASS" starttime="20220202 16:32:24.876" endtime="20220202 16:32:24.877"/>
</kw>
<kw name="POST" library="RequestsLibrary">
<var>${response}</var>
<arg>${base_url}${api}[booking]</arg>
<arg>headers=${headers}</arg>
<arg>json=${booking1}[0]</arg>
<arg>expected_status=200</arg>
<doc>Sends a POST request.</doc>
<msg timestamp="20220202 16:32:26.225" level="INFO">POST Request : url=https://restful-booker.herokuapp.com/booking 
 path_url=/booking 
 headers={'User-Agent': 'python-requests/2.27.1', 'Accept-Encoding': 'gzip, deflate', 'Accept': 'application/json', 'Connection': 'keep-alive', 'Content-Type': 'application/json', 'Content-Length': '182'} 
 body=b'{"firstname": "Jim", "lastname": "Brown", "totalprice": 111, "depositpaid": true, "bookingdates": {"checkin": "2018-01-01", "checkout": "2019-01-01"}, "additionalneeds": "Breakfast"}' 
 </msg>
<msg timestamp="20220202 16:32:26.226" level="INFO">POST Response : url=https://restful-booker.herokuapp.com/booking 
 status=200, reason=OK 
 headers={'Server': 'Cowboy', 'Connection': 'keep-alive', 'X-Powered-By': 'Express', 'Content-Type': 'application/json; charset=utf-8', 'Content-Length': '195', 'Etag': 'W/"c3-mr+ToVU3dK7bNqxVpsnhD1SC7cM"', 'Date': 'Wed, 02 Feb 2022 11:02:24 GMT', 'Via': '1.1 vegur'} 
 body={"bookingid":11,"booking":{"firstname":"Jim","lastname":"Brown","totalprice":111,"depositpaid":true,"bookingdates":{"checkin":"2018-01-01","checkout":"2019-01-01"},"additionalneeds":"Breakfast"}} 
 </msg>
<msg timestamp="20220202 16:32:26.226" level="INFO">${response} = &lt;Response [200]&gt;</msg>
<status status="PASS" starttime="20220202 16:32:24.878" endtime="20220202 16:32:26.227"/>
</kw>
<kw name="Verify Response Contains">
<arg>${response}</arg>
<arg>${booking1}</arg>
<kw name="Get Dictionary Keys" library="Collections">
<var>${keys}</var>
<arg>${response.json()}</arg>
<doc>Returns keys of the given ``dictionary`` as a list.</doc>
<msg timestamp="20220202 16:32:26.232" level="INFO">${keys} = ['booking', 'bookingid']</msg>
<status status="PASS" starttime="20220202 16:32:26.230" endtime="20220202 16:32:26.232"/>
</kw>
<kw name="Should Contain" library="BuiltIn">
<arg>${keys}</arg>
<arg>bookingid</arg>
<doc>Fails if ``container`` does not contain ``item`` one or more times.</doc>
<status status="PASS" starttime="20220202 16:32:26.232" endtime="20220202 16:32:26.233"/>
</kw>
<kw name="Should Contain" library="BuiltIn">
<arg>${keys}</arg>
<arg>booking</arg>
<doc>Fails if ``container`` does not contain ``item`` one or more times.</doc>
<status status="PASS" starttime="20220202 16:32:26.233" endtime="20220202 16:32:26.234"/>
</kw>
<kw name="Should Be Equal" library="BuiltIn">
<arg>${booking}[0]</arg>
<arg>${response.json()}[booking]</arg>
<doc>Fails if the given objects are unequal.</doc>
<status status="PASS" starttime="20220202 16:32:26.235" endtime="20220202 16:32:26.237"/>
</kw>
<status status="PASS" starttime="20220202 16:32:26.228" endtime="20220202 16:32:26.237"/>
</kw>
<kw name="Set Suite Variable" library="BuiltIn">
<arg>${new_booking_id}</arg>
<arg>${response.json()}[bookingid]</arg>
<doc>Makes a variable available everywhere within the scope of the current suite.</doc>
<msg timestamp="20220202 16:32:26.244" level="INFO">${new_booking_id} = 11</msg>
<status status="PASS" starttime="20220202 16:32:26.238" endtime="20220202 16:32:26.244"/>
</kw>
<doc>Creating a new booking in the API</doc>
<tag>API</tag>
<tag>Booking1</tag>
<tag>CreateBooking</tag>
<tag>Valid</tag>
<status status="PASS" starttime="20220202 16:32:24.808" endtime="20220202 16:32:26.245"/>
</test>
<test id="s1-t4" name="CreateManyBooking">
<kw name="Create Dictionary" library="BuiltIn">
<var>${headers}</var>
<arg>Content-Type=application/json</arg>
<arg>Accept=application/json</arg>
<doc>Creates and returns a dictionary based on the given ``items``.</doc>
<msg timestamp="20220202 16:32:26.252" level="INFO">${headers} = {'Content-Type': 'application/json', 'Accept': 'application/json'}</msg>
<status status="PASS" starttime="20220202 16:32:26.251" endtime="20220202 16:32:26.252"/>
</kw>
<kw name="Load JSON From File" library="JSONLibrary">
<var>${json_obj}</var>
<arg>${EXECDIR}/Variables/json/test_data.json</arg>
<doc>Load JSON from file.</doc>
<msg timestamp="20220202 16:32:26.255" level="INFO">${json_obj} = {'booking1': {'firstname': 'Jim', 'lastname': 'Brown', 'totalprice': 111, 'depositpaid': True, 'bookingdates': {'checkin': '2018-01-01', 'checkout': '2019-01-01'}, 'additionalneeds': 'Breakfast'}, 'bo...</msg>
<status status="PASS" starttime="20220202 16:32:26.253" endtime="20220202 16:32:26.255"/>
</kw>
<kw name="Get Value From Json" library="JSONLibrary">
<var>${booking2}</var>
<arg>${json_obj}</arg>
<arg>$.booking2</arg>
<doc>Get Value From JSON using JSONPath</doc>
<msg timestamp="20220202 16:32:26.318" level="INFO">${booking2} = [{'firstname': 'Elon', 'lastname': 'Bieber', 'totalprice': 1101, 'depositpaid': True, 'bookingdates': {'checkin': '2022-02-01', 'checkout': '2022-01-09'}, 'additionalneeds': 'Breakfast'}]</msg>
<status status="PASS" starttime="20220202 16:32:26.257" endtime="20220202 16:32:26.318"/>
</kw>
<kw name="Get Value From Json" library="JSONLibrary">
<var>${booking3}</var>
<arg>${json_obj}</arg>
<arg>$.booking3</arg>
<doc>Get Value From JSON using JSONPath</doc>
<msg timestamp="20220202 16:32:26.363" level="INFO">${booking3} = [{'firstname': 'Raj', 'lastname': 'Malhotra', 'totalprice': 2900, 'depositpaid': False, 'bookingdates': {'checkin': '2022-01-01', 'checkout': '2022-02-09'}, 'additionalneeds': 'Breakfast'}]</msg>
<status status="PASS" starttime="20220202 16:32:26.320" endtime="20220202 16:32:26.363"/>
</kw>
<kw name="Get Value From Json" library="JSONLibrary">
<var>${booking4}</var>
<arg>${json_obj}</arg>
<arg>$.booking4</arg>
<doc>Get Value From JSON using JSONPath</doc>
<msg timestamp="20220202 16:32:26.396" level="INFO">${booking4} = [{'firstname': 'Rhea', 'lastname': 'Malhotra', 'totalprice': 1900, 'depositpaid': True, 'bookingdates': {'checkin': '2022-01-01', 'checkout': '2022-02-09'}, 'additionalneeds': 'Breakfast'}]</msg>
<status status="PASS" starttime="20220202 16:32:26.364" endtime="20220202 16:32:26.396"/>
</kw>
<kw name="POST" library="RequestsLibrary">
<var>${response1}</var>
<arg>${base_url}${api}[booking]</arg>
<arg>headers=${headers}</arg>
<arg>json=${booking2}[0]</arg>
<arg>expected_status=200</arg>
<doc>Sends a POST request.</doc>
<msg timestamp="20220202 16:32:27.759" level="INFO">POST Request : url=https://restful-booker.herokuapp.com/booking 
 path_url=/booking 
 headers={'User-Agent': 'python-requests/2.27.1', 'Accept-Encoding': 'gzip, deflate', 'Accept': 'application/json', 'Connection': 'keep-alive', 'Content-Type': 'application/json', 'Content-Length': '185'} 
 body=b'{"firstname": "Elon", "lastname": "Bieber", "totalprice": 1101, "depositpaid": true, "bookingdates": {"checkin": "2022-02-01", "checkout": "2022-01-09"}, "additionalneeds": "Breakfast"}' 
 </msg>
<msg timestamp="20220202 16:32:27.760" level="INFO">POST Response : url=https://restful-booker.herokuapp.com/booking 
 status=200, reason=OK 
 headers={'Server': 'Cowboy', 'Connection': 'keep-alive', 'X-Powered-By': 'Express', 'Content-Type': 'application/json; charset=utf-8', 'Content-Length': '198', 'Etag': 'W/"c6-grDrCRUYFMOqNWKtQtGDpaihnXo"', 'Date': 'Wed, 02 Feb 2022 11:02:25 GMT', 'Via': '1.1 vegur'} 
 body={"bookingid":12,"booking":{"firstname":"Elon","lastname":"Bieber","totalprice":1101,"depositpaid":true,"bookingdates":{"checkin":"2022-02-01","checkout":"2022-01-09"},"additionalneeds":"Breakfast"}} 
 </msg>
<msg timestamp="20220202 16:32:27.760" level="INFO">${response1} = &lt;Response [200]&gt;</msg>
<status status="PASS" starttime="20220202 16:32:26.396" endtime="20220202 16:32:27.760"/>
</kw>
<kw name="POST" library="RequestsLibrary">
<var>${response2}</var>
<arg>${base_url}${api}[booking]</arg>
<arg>headers=${headers}</arg>
<arg>json=${booking3}[0]</arg>
<arg>expected_status=200</arg>
<doc>Sends a POST request.</doc>
<msg timestamp="20220202 16:32:29.095" level="INFO">POST Request : url=https://restful-booker.herokuapp.com/booking 
 path_url=/booking 
 headers={'User-Agent': 'python-requests/2.27.1', 'Accept-Encoding': 'gzip, deflate', 'Accept': 'application/json', 'Connection': 'keep-alive', 'Content-Type': 'application/json', 'Content-Length': '187'} 
 body=b'{"firstname": "Raj", "lastname": "Malhotra", "totalprice": 2900, "depositpaid": false, "bookingdates": {"checkin": "2022-01-01", "checkout": "2022-02-09"}, "additionalneeds": "Breakfast"}' 
 </msg>
<msg timestamp="20220202 16:32:29.096" level="INFO">POST Response : url=https://restful-booker.herokuapp.com/booking 
 status=200, reason=OK 
 headers={'Server': 'Cowboy', 'Connection': 'keep-alive', 'X-Powered-By': 'Express', 'Content-Type': 'application/json; charset=utf-8', 'Content-Length': '200', 'Etag': 'W/"c8-u5JMSxSwPVfAHKczr2b8BHPGCno"', 'Date': 'Wed, 02 Feb 2022 11:02:27 GMT', 'Via': '1.1 vegur'} 
 body={"bookingid":13,"booking":{"firstname":"Raj","lastname":"Malhotra","totalprice":2900,"depositpaid":false,"bookingdates":{"checkin":"2022-01-01","checkout":"2022-02-09"},"additionalneeds":"Breakfast"}} 
 </msg>
<msg timestamp="20220202 16:32:29.097" level="INFO">${response2} = &lt;Response [200]&gt;</msg>
<status status="PASS" starttime="20220202 16:32:27.762" endtime="20220202 16:32:29.097"/>
</kw>
<kw name="POST" library="RequestsLibrary">
<var>${response3}</var>
<arg>${base_url}${api}[booking]</arg>
<arg>headers=${headers}</arg>
<arg>json=${booking4}[0]</arg>
<arg>expected_status=200</arg>
<doc>Sends a POST request.</doc>
<msg timestamp="20220202 16:32:30.305" level="INFO">POST Request : url=https://restful-booker.herokuapp.com/booking 
 path_url=/booking 
 headers={'User-Agent': 'python-requests/2.27.1', 'Accept-Encoding': 'gzip, deflate', 'Accept': 'application/json', 'Connection': 'keep-alive', 'Content-Type': 'application/json', 'Content-Length': '187'} 
 body=b'{"firstname": "Rhea", "lastname": "Malhotra", "totalprice": 1900, "depositpaid": true, "bookingdates": {"checkin": "2022-01-01", "checkout": "2022-02-09"}, "additionalneeds": "Breakfast"}' 
 </msg>
<msg timestamp="20220202 16:32:30.305" level="INFO">POST Response : url=https://restful-booker.herokuapp.com/booking 
 status=200, reason=OK 
 headers={'Server': 'Cowboy', 'Connection': 'keep-alive', 'X-Powered-By': 'Express', 'Content-Type': 'application/json; charset=utf-8', 'Content-Length': '200', 'Etag': 'W/"c8-hhGwXnXy6wzTzU4HFm6JBTxanW8"', 'Date': 'Wed, 02 Feb 2022 11:02:28 GMT', 'Via': '1.1 vegur'} 
 body={"bookingid":14,"booking":{"firstname":"Rhea","lastname":"Malhotra","totalprice":1900,"depositpaid":true,"bookingdates":{"checkin":"2022-01-01","checkout":"2022-02-09"},"additionalneeds":"Breakfast"}} 
 </msg>
<msg timestamp="20220202 16:32:30.306" level="INFO">${response3} = &lt;Response [200]&gt;</msg>
<status status="PASS" starttime="20220202 16:32:29.098" endtime="20220202 16:32:30.306"/>
</kw>
<kw name="Verify Response Contains">
<arg>${response1}</arg>
<arg>${booking2}</arg>
<kw name="Get Dictionary Keys" library="Collections">
<var>${keys}</var>
<arg>${response.json()}</arg>
<doc>Returns keys of the given ``dictionary`` as a list.</doc>
<msg timestamp="20220202 16:32:30.311" level="INFO">${keys} = ['booking', 'bookingid']</msg>
<status status="PASS" starttime="20220202 16:32:30.309" endtime="20220202 16:32:30.311"/>
</kw>
<kw name="Should Contain" library="BuiltIn">
<arg>${keys}</arg>
<arg>bookingid</arg>
<doc>Fails if ``container`` does not contain ``item`` one or more times.</doc>
<status status="PASS" starttime="20220202 16:32:30.311" endtime="20220202 16:32:30.312"/>
</kw>
<kw name="Should Contain" library="BuiltIn">
<arg>${keys}</arg>
<arg>booking</arg>
<doc>Fails if ``container`` does not contain ``item`` one or more times.</doc>
<status status="PASS" starttime="20220202 16:32:30.312" endtime="20220202 16:32:30.313"/>
</kw>
<kw name="Should Be Equal" library="BuiltIn">
<arg>${booking}[0]</arg>
<arg>${response.json()}[booking]</arg>
<doc>Fails if the given objects are unequal.</doc>
<status status="PASS" starttime="20220202 16:32:30.313" endtime="20220202 16:32:30.315"/>
</kw>
<status status="PASS" starttime="20220202 16:32:30.307" endtime="20220202 16:32:30.316"/>
</kw>
<kw name="Verify Response Contains">
<arg>${response2}</arg>
<arg>${booking3}</arg>
<kw name="Get Dictionary Keys" library="Collections">
<var>${keys}</var>
<arg>${response.json()}</arg>
<doc>Returns keys of the given ``dictionary`` as a list.</doc>
<msg timestamp="20220202 16:32:30.322" level="INFO">${keys} = ['booking', 'bookingid']</msg>
<status status="PASS" starttime="20220202 16:32:30.320" endtime="20220202 16:32:30.323"/>
</kw>
<kw name="Should Contain" library="BuiltIn">
<arg>${keys}</arg>
<arg>bookingid</arg>
<doc>Fails if ``container`` does not contain ``item`` one or more times.</doc>
<status status="PASS" starttime="20220202 16:32:30.323" endtime="20220202 16:32:30.324"/>
</kw>
<kw name="Should Contain" library="BuiltIn">
<arg>${keys}</arg>
<arg>booking</arg>
<doc>Fails if ``container`` does not contain ``item`` one or more times.</doc>
<status status="PASS" starttime="20220202 16:32:30.324" endtime="20220202 16:32:30.324"/>
</kw>
<kw name="Should Be Equal" library="BuiltIn">
<arg>${booking}[0]</arg>
<arg>${response.json()}[booking]</arg>
<doc>Fails if the given objects are unequal.</doc>
<status status="PASS" starttime="20220202 16:32:30.325" endtime="20220202 16:32:30.327"/>
</kw>
<status status="PASS" starttime="20220202 16:32:30.318" endtime="20220202 16:32:30.327"/>
</kw>
<kw name="Verify Response Contains">
<arg>${response3}</arg>
<arg>${booking4}</arg>
<kw name="Get Dictionary Keys" library="Collections">
<var>${keys}</var>
<arg>${response.json()}</arg>
<doc>Returns keys of the given ``dictionary`` as a list.</doc>
<msg timestamp="20220202 16:32:30.332" level="INFO">${keys} = ['booking', 'bookingid']</msg>
<status status="PASS" starttime="20220202 16:32:30.330" endtime="20220202 16:32:30.332"/>
</kw>
<kw name="Should Contain" library="BuiltIn">
<arg>${keys}</arg>
<arg>bookingid</arg>
<doc>Fails if ``container`` does not contain ``item`` one or more times.</doc>
<status status="PASS" starttime="20220202 16:32:30.332" endtime="20220202 16:32:30.334"/>
</kw>
<kw name="Should Contain" library="BuiltIn">
<arg>${keys}</arg>
<arg>booking</arg>
<doc>Fails if ``container`` does not contain ``item`` one or more times.</doc>
<status status="PASS" starttime="20220202 16:32:30.335" endtime="20220202 16:32:30.336"/>
</kw>
<kw name="Should Be Equal" library="BuiltIn">
<arg>${booking}[0]</arg>
<arg>${response.json()}[booking]</arg>
<doc>Fails if the given objects are unequal.</doc>
<status status="PASS" starttime="20220202 16:32:30.336" endtime="20220202 16:32:30.339"/>
</kw>
<status status="PASS" starttime="20220202 16:32:30.329" endtime="20220202 16:32:30.339"/>
</kw>
<doc>Creating many bookings in the API</doc>
<tag>API</tag>
<tag>Booking1</tag>
<tag>CreateBooking</tag>
<tag>Valid</tag>
<status status="PASS" starttime="20220202 16:32:26.250" endtime="20220202 16:32:30.340"/>
</test>
<test id="s1-t5" name="GetBookingIds">
<kw name="GET" library="RequestsLibrary">
<var>${response}</var>
<arg>${base_url}${api}[booking]</arg>
<arg>expected_status=200</arg>
<doc>Sends a GET request.</doc>
<msg timestamp="20220202 16:32:31.725" level="INFO">GET Request : url=https://restful-booker.herokuapp.com/booking 
 path_url=/booking 
 headers={'User-Agent': 'python-requests/2.27.1', 'Accept-Encoding': 'gzip, deflate', 'Accept': '*/*', 'Connection': 'keep-alive'} 
 body=None 
 </msg>
<msg timestamp="20220202 16:32:31.725" level="INFO">GET Response : url=https://restful-booker.herokuapp.com/booking 
 status=200, reason=OK 
 headers={'Server': 'Cowboy', 'Connection': 'keep-alive', 'X-Powered-By': 'Express', 'Content-Type': 'application/json; charset=utf-8', 'Content-Length': '230', 'Etag': 'W/"e6-sElkWgpZz+K8sAFMU2wyXMBvTJw"', 'Date': 'Wed, 02 Feb 2022 11:02:29 GMT', 'Via': '1.1 vegur'} 
 body=[{"bookingid":2},{"bookingid":11},{"bookingid":4},{"bookingid":3},{"bookingid":1},{"bookingid":6},{"bookingid":8},{"bookingid":7},{"bookingid":10},{"bookingid":9},{"bookingid":14},{"bookingid":12},{"bookingid":13},{"bookingid":5}] 
 </msg>
<msg timestamp="20220202 16:32:31.726" level="INFO">${response} = &lt;Response [200]&gt;</msg>
<status status="PASS" starttime="20220202 16:32:30.346" endtime="20220202 16:32:31.726"/>
</kw>
<kw name="Get Length" library="BuiltIn">
<var>${len}</var>
<arg>${response.content}</arg>
<doc>Returns and logs the length of the given item as an integer.</doc>
<msg timestamp="20220202 16:32:31.730" level="INFO">Length is 230</msg>
<msg timestamp="20220202 16:32:31.731" level="INFO">${len} = 230</msg>
<status status="PASS" starttime="20220202 16:32:31.729" endtime="20220202 16:32:31.731"/>
</kw>
<if>
<branch type="IF" condition="${len}==2">
<kw name="Log" library="BuiltIn">
<arg>No booking is done</arg>
<doc>Logs the given message with the given level.</doc>
<status status="NOT RUN" starttime="20220202 16:32:31.734" endtime="20220202 16:32:31.734"/>
</kw>
<status status="NOT RUN" starttime="20220202 16:32:31.733" endtime="20220202 16:32:31.734"/>
</branch>
<branch type="ELSE IF" condition="${len}&gt;2">
<kw name="Log" library="BuiltIn">
<arg>${response.content}[0]</arg>
<doc>Logs the given message with the given level.</doc>
<msg timestamp="20220202 16:32:31.737" level="INFO">91</msg>
<status status="PASS" starttime="20220202 16:32:31.735" endtime="20220202 16:32:31.737"/>
</kw>
<status status="PASS" starttime="20220202 16:32:31.735" endtime="20220202 16:32:31.737"/>
</branch>
<status status="PASS" starttime="20220202 16:32:31.733" endtime="20220202 16:32:31.738"/>
</if>
<doc>Returns the ids of all the bookings that exist within the API.</doc>
<tag>API</tag>
<tag>Booking</tag>
<tag>GetBookingIds</tag>
<tag>Valid</tag>
<status status="PASS" starttime="20220202 16:32:30.344" endtime="20220202 16:32:31.739"/>
</test>
<test id="s1-t6" name="GetBookingIds By Name">
<kw name="Create Dictionary" library="BuiltIn">
<var>${params}</var>
<arg>firstname=Raj</arg>
<arg>lastname=Malhotra</arg>
<doc>Creates and returns a dictionary based on the given ``items``.</doc>
<msg timestamp="20220202 16:32:31.746" level="INFO">${params} = {'firstname': 'Raj', 'lastname': 'Malhotra'}</msg>
<status status="PASS" starttime="20220202 16:32:31.745" endtime="20220202 16:32:31.746"/>
</kw>
<kw name="GET" library="RequestsLibrary">
<var>${response}</var>
<arg>${base_url}${api}[booking]</arg>
<arg>params=${params}</arg>
<arg>expected_status=200</arg>
<doc>Sends a GET request.</doc>
<msg timestamp="20220202 16:32:32.918" level="INFO">GET Request : url=https://restful-booker.herokuapp.com/booking?firstname=Raj&amp;lastname=Malhotra 
 path_url=/booking?firstname=Raj&amp;lastname=Malhotra 
 headers={'User-Agent': 'python-requests/2.27.1', 'Accept-Encoding': 'gzip, deflate', 'Accept': '*/*', 'Connection': 'keep-alive'} 
 body=None 
 </msg>
<msg timestamp="20220202 16:32:32.918" level="INFO">GET Response : url=https://restful-booker.herokuapp.com/booking?firstname=Raj&amp;lastname=Malhotra 
 status=200, reason=OK 
 headers={'Server': 'Cowboy', 'Connection': 'keep-alive', 'X-Powered-By': 'Express', 'Content-Type': 'application/json; charset=utf-8', 'Content-Length': '18', 'Etag': 'W/"12-8JPL2DdbVGjiowql3DEGGgjaRWY"', 'Date': 'Wed, 02 Feb 2022 11:02:31 GMT', 'Via': '1.1 vegur'} 
 body=[{"bookingid":13}] 
 </msg>
<msg timestamp="20220202 16:32:32.919" level="INFO">${response} = &lt;Response [200]&gt;</msg>
<status status="PASS" starttime="20220202 16:32:31.748" endtime="20220202 16:32:32.919"/>
</kw>
<kw name="Get Length" library="BuiltIn">
<var>${len}</var>
<arg>${response.content}</arg>
<doc>Returns and logs the length of the given item as an integer.</doc>
<msg timestamp="20220202 16:32:32.923" level="INFO">Length is 18</msg>
<msg timestamp="20220202 16:32:32.923" level="INFO">${len} = 18</msg>
<status status="PASS" starttime="20220202 16:32:32.921" endtime="20220202 16:32:32.923"/>
</kw>
<if>
<branch type="IF" condition="${len}==2">
<kw name="Log" library="BuiltIn">
<arg>No booking is done</arg>
<doc>Logs the given message with the given level.</doc>
<status status="NOT RUN" starttime="20220202 16:32:32.925" endtime="20220202 16:32:32.925"/>
</kw>
<status status="NOT RUN" starttime="20220202 16:32:32.924" endtime="20220202 16:32:32.925"/>
</branch>
<branch type="ELSE IF" condition="${len}&gt;2">
<kw name="Log" library="BuiltIn">
<arg>${response.content}[0]</arg>
<doc>Logs the given message with the given level.</doc>
<msg timestamp="20220202 16:32:32.927" level="INFO">91</msg>
<status status="PASS" starttime="20220202 16:32:32.925" endtime="20220202 16:32:32.927"/>
</kw>
<status status="PASS" starttime="20220202 16:32:32.925" endtime="20220202 16:32:32.927"/>
</branch>
<status status="PASS" starttime="20220202 16:32:32.924" endtime="20220202 16:32:32.927"/>
</if>
<doc>Returns the ids of all the bookings that exist within the API.</doc>
<tag>API</tag>
<tag>Booking</tag>
<tag>GetBookingIdsByName</tag>
<tag>Valid</tag>
<status status="PASS" starttime="20220202 16:32:31.743" endtime="20220202 16:32:32.929"/>
</test>
<test id="s1-t7" name="GetBookingIds By Checkin/Checkout Date">
<kw name="Create Dictionary" library="BuiltIn">
<var>${params}</var>
<arg>checkin=2022-01-01</arg>
<arg>checkout=2022-02-09</arg>
<doc>Creates and returns a dictionary based on the given ``items``.</doc>
<msg timestamp="20220202 16:32:32.937" level="INFO">${params} = {'checkin': '2022-01-01', 'checkout': '2022-02-09'}</msg>
<status status="PASS" starttime="20220202 16:32:32.936" endtime="20220202 16:32:32.937"/>
</kw>
<kw name="GET" library="RequestsLibrary">
<var>${response}</var>
<arg>${base_url}${api}[booking]</arg>
<arg>params=${params}</arg>
<arg>expected_status=200</arg>
<doc>Sends a GET request.</doc>
<msg timestamp="20220202 16:32:34.290" level="INFO">GET Request : url=https://restful-booker.herokuapp.com/booking?checkin=2022-01-01&amp;checkout=2022-02-09 
 path_url=/booking?checkin=2022-01-01&amp;checkout=2022-02-09 
 headers={'User-Agent': 'python-requests/2.27.1', 'Accept-Encoding': 'gzip, deflate', 'Accept': '*/*', 'Connection': 'keep-alive'} 
 body=None 
 </msg>
<msg timestamp="20220202 16:32:34.291" level="INFO">GET Response : url=https://restful-booker.herokuapp.com/booking?checkin=2022-01-01&amp;checkout=2022-02-09 
 status=200, reason=OK 
 headers={'Server': 'Cowboy', 'Connection': 'keep-alive', 'X-Powered-By': 'Express', 'Content-Type': 'application/json; charset=utf-8', 'Content-Length': '18', 'Etag': 'W/"12-B1FDHQy55Vx+mYiWn205cGReR78"', 'Date': 'Wed, 02 Feb 2022 11:02:32 GMT', 'Via': '1.1 vegur'} 
 body=[{"bookingid":12}] 
 </msg>
<msg timestamp="20220202 16:32:34.291" level="INFO">${response} = &lt;Response [200]&gt;</msg>
<status status="PASS" starttime="20220202 16:32:32.938" endtime="20220202 16:32:34.291"/>
</kw>
<kw name="Get Length" library="BuiltIn">
<var>${len}</var>
<arg>${response.content}</arg>
<doc>Returns and logs the length of the given item as an integer.</doc>
<msg timestamp="20220202 16:32:34.296" level="INFO">Length is 18</msg>
<msg timestamp="20220202 16:32:34.296" level="INFO">${len} = 18</msg>
<status status="PASS" starttime="20220202 16:32:34.293" endtime="20220202 16:32:34.296"/>
</kw>
<kw name="Should Not Be Equal As Numbers" library="BuiltIn">
<arg>${len}</arg>
<arg>2</arg>
<doc>Fails if objects are equal after converting them to real numbers.</doc>
<msg timestamp="20220202 16:32:34.299" level="INFO">Argument types are:
&lt;class 'int'&gt;
&lt;type 'unicode'&gt;</msg>
<status status="PASS" starttime="20220202 16:32:34.298" endtime="20220202 16:32:34.299"/>
</kw>
<kw name="Log" library="BuiltIn">
<arg>${response.content}</arg>
<doc>Logs the given message with the given level.</doc>
<msg timestamp="20220202 16:32:34.302" level="INFO">[{"bookingid":12}]</msg>
<status status="PASS" starttime="20220202 16:32:34.300" endtime="20220202 16:32:34.303"/>
</kw>
<doc>Returns the ids of all the bookings that exist within the API.</doc>
<tag>API</tag>
<tag>Booking</tag>
<tag>GetBookingIdsByDate</tag>
<tag>Valid</tag>
<status status="PASS" starttime="20220202 16:32:32.934" endtime="20220202 16:32:34.304"/>
</test>
<test id="s1-t8" name="GetBooking">
<kw name="GET" library="RequestsLibrary">
<var>${response}</var>
<arg>${base_url}${api}[booking]/${new_booking_id}</arg>
<arg>expected_status=200</arg>
<doc>Sends a GET request.</doc>
<msg timestamp="20220202 16:32:35.528" level="INFO">GET Request : url=https://restful-booker.herokuapp.com/booking/11 
 path_url=/booking/11 
 headers={'User-Agent': 'python-requests/2.27.1', 'Accept-Encoding': 'gzip, deflate', 'Accept': '*/*', 'Connection': 'keep-alive'} 
 body=None 
 </msg>
<msg timestamp="20220202 16:32:35.528" level="INFO">GET Response : url=https://restful-booker.herokuapp.com/booking/11 
 status=200, reason=OK 
 headers={'Server': 'Cowboy', 'Connection': 'keep-alive', 'X-Powered-By': 'Express', 'Content-Type': 'application/json; charset=utf-8', 'Content-Length': '168', 'Etag': 'W/"a8-p5uB2C7mxZA3HXJZF+tJCDJr8VE"', 'Date': 'Wed, 02 Feb 2022 11:02:33 GMT', 'Via': '1.1 vegur'} 
 body={"firstname":"Jim","lastname":"Brown","totalprice":111,"depositpaid":true,"bookingdates":{"checkin":"2018-01-01","checkout":"2019-01-01"},"additionalneeds":"Breakfast"} 
 </msg>
<msg timestamp="20220202 16:32:35.529" level="INFO">${response} = &lt;Response [200]&gt;</msg>
<status status="PASS" starttime="20220202 16:32:34.312" endtime="20220202 16:32:35.529"/>
</kw>
<kw name="Load JSON From File" library="JSONLibrary">
<var>${json_obj}</var>
<arg>${EXECDIR}/Variables/json/test_data.json</arg>
<doc>Load JSON from file.</doc>
<msg timestamp="20220202 16:32:35.532" level="INFO">${json_obj} = {'booking1': {'firstname': 'Jim', 'lastname': 'Brown', 'totalprice': 111, 'depositpaid': True, 'bookingdates': {'checkin': '2018-01-01', 'checkout': '2019-01-01'}, 'additionalneeds': 'Breakfast'}, 'bo...</msg>
<status status="PASS" starttime="20220202 16:32:35.530" endtime="20220202 16:32:35.532"/>
</kw>
<kw name="Get Value From Json" library="JSONLibrary">
<var>${booking1}</var>
<arg>${json_obj}</arg>
<arg>$.booking1</arg>
<doc>Get Value From JSON using JSONPath</doc>
<msg timestamp="20220202 16:32:35.601" level="INFO">${booking1} = [{'firstname': 'Jim', 'lastname': 'Brown', 'totalprice': 111, 'depositpaid': True, 'bookingdates': {'checkin': '2018-01-01', 'checkout': '2019-01-01'}, 'additionalneeds': 'Breakfast'}]</msg>
<status status="PASS" starttime="20220202 16:32:35.534" endtime="20220202 16:32:35.601"/>
</kw>
<kw name="Should Be Equal" library="BuiltIn">
<arg>${booking1}[0]</arg>
<arg>${response.json()}</arg>
<doc>Fails if the given objects are unequal.</doc>
<status status="PASS" starttime="20220202 16:32:35.602" endtime="20220202 16:32:35.604"/>
</kw>
<doc>Returns a specific booking based upon the booking id provided</doc>
<tag>API</tag>
<tag>Booking1</tag>
<tag>GetBooking</tag>
<tag>Valid</tag>
<status status="PASS" starttime="20220202 16:32:34.309" endtime="20220202 16:32:35.605"/>
</test>
<test id="s1-t9" name="UpdateBooking">
<kw name="Create Dictionary" library="BuiltIn">
<var>${headers}</var>
<arg>Content-Type=application/json</arg>
<arg>Accept=application/json</arg>
<arg>Cookie=token=${token}</arg>
<doc>Creates and returns a dictionary based on the given ``items``.</doc>
<msg timestamp="20220202 16:32:35.611" level="INFO">${headers} = {'Content-Type': 'application/json', 'Accept': 'application/json', 'Cookie': 'token=8f04503ef664693'}</msg>
<status status="PASS" starttime="20220202 16:32:35.610" endtime="20220202 16:32:35.611"/>
</kw>
<kw name="Load JSON From File" library="JSONLibrary">
<var>${json_obj}</var>
<arg>${EXECDIR}/Variables/json/updated_data.json</arg>
<doc>Load JSON from file.</doc>
<msg timestamp="20220202 16:32:35.613" level="INFO">${json_obj} = {'firstname': 'James', 'lastname': 'Brown', 'totalprice': 200, 'depositpaid': True, 'bookingdates': {'checkin': '2022-01-01', 'checkout': '2022-01-09'}, 'additionalneeds': 'Breakfast'}</msg>
<status status="PASS" starttime="20220202 16:32:35.612" endtime="20220202 16:32:35.613"/>
</kw>
<kw name="PUT" library="RequestsLibrary">
<var>${response}</var>
<arg>${base_url}${api}[booking]/${new_booking_id}</arg>
<arg>headers=${headers}</arg>
<arg>json=${json_obj}</arg>
<arg>expected_status=200</arg>
<doc>Sends a PUT request.</doc>
<msg timestamp="20220202 16:32:36.777" level="INFO">PUT Request : url=https://restful-booker.herokuapp.com/booking/11 
 path_url=/booking/11 
 headers={'User-Agent': 'python-requests/2.27.1', 'Accept-Encoding': 'gzip, deflate', 'Accept': 'application/json', 'Connection': 'keep-alive', 'Content-Type': 'application/json', 'Cookie': 'token=8f04503ef664693', 'Content-Length': '184'} 
 body=b'{"firstname": "James", "lastname": "Brown", "totalprice": 200, "depositpaid": true, "bookingdates": {"checkin": "2022-01-01", "checkout": "2022-01-09"}, "additionalneeds": "Breakfast"}' 
 </msg>
<msg timestamp="20220202 16:32:36.777" level="INFO">PUT Response : url=https://restful-booker.herokuapp.com/booking/11 
 status=200, reason=OK 
 headers={'Server': 'Cowboy', 'Connection': 'keep-alive', 'X-Powered-By': 'Express', 'Content-Type': 'application/json; charset=utf-8', 'Content-Length': '170', 'Etag': 'W/"aa-4/lQM5fNGNxgtjPGJxURYkcKGzg"', 'Date': 'Wed, 02 Feb 2022 11:02:34 GMT', 'Via': '1.1 vegur'} 
 body={"firstname":"James","lastname":"Brown","totalprice":200,"depositpaid":true,"bookingdates":{"checkin":"2022-01-01","checkout":"2022-01-09"},"additionalneeds":"Breakfast"} 
 </msg>
<msg timestamp="20220202 16:32:36.778" level="INFO">${response} = &lt;Response [200]&gt;</msg>
<status status="PASS" starttime="20220202 16:32:35.614" endtime="20220202 16:32:36.778"/>
</kw>
<kw name="Load JSON From File" library="JSONLibrary">
<var>${json_obj}</var>
<arg>${EXECDIR}/Variables/json/updated_data.json</arg>
<doc>Load JSON from file.</doc>
<msg timestamp="20220202 16:32:36.782" level="INFO">${json_obj} = {'firstname': 'James', 'lastname': 'Brown', 'totalprice': 200, 'depositpaid': True, 'bookingdates': {'checkin': '2022-01-01', 'checkout': '2022-01-09'}, 'additionalneeds': 'Breakfast'}</msg>
<status status="PASS" starttime="20220202 16:32:36.780" endtime="20220202 16:32:36.782"/>
</kw>
<kw name="GET" library="RequestsLibrary">
<var>${new_booking}</var>
<arg>${base_url}${api}[booking]/${new_booking_id}</arg>
<arg>expected_status=200</arg>
<doc>Sends a GET request.</doc>
<msg timestamp="20220202 16:32:38.032" level="INFO">GET Request : url=https://restful-booker.herokuapp.com/booking/11 
 path_url=/booking/11 
 headers={'User-Agent': 'python-requests/2.27.1', 'Accept-Encoding': 'gzip, deflate', 'Accept': '*/*', 'Connection': 'keep-alive'} 
 body=None 
 </msg>
<msg timestamp="20220202 16:32:38.033" level="INFO">GET Response : url=https://restful-booker.herokuapp.com/booking/11 
 status=200, reason=OK 
 headers={'Server': 'Cowboy', 'Connection': 'keep-alive', 'X-Powered-By': 'Express', 'Content-Type': 'application/json; charset=utf-8', 'Content-Length': '170', 'Etag': 'W/"aa-4/lQM5fNGNxgtjPGJxURYkcKGzg"', 'Date': 'Wed, 02 Feb 2022 11:02:36 GMT', 'Via': '1.1 vegur'} 
 body={"firstname":"James","lastname":"Brown","totalprice":200,"depositpaid":true,"bookingdates":{"checkin":"2022-01-01","checkout":"2022-01-09"},"additionalneeds":"Breakfast"} 
 </msg>
<msg timestamp="20220202 16:32:38.033" level="INFO">${new_booking} = &lt;Response [200]&gt;</msg>
<status status="PASS" starttime="20220202 16:32:36.783" endtime="20220202 16:32:38.033"/>
</kw>
<kw name="Should Be Equal" library="BuiltIn">
<arg>${json_obj}</arg>
<arg>${new_booking.json()}</arg>
<doc>Fails if the given objects are unequal.</doc>
<status status="PASS" starttime="20220202 16:32:38.035" endtime="20220202 16:32:38.039"/>
</kw>
<doc>Updates a current booking</doc>
<tag>API</tag>
<tag>Booking</tag>
<tag>UpdateBooking</tag>
<tag>Valid</tag>
<status status="PASS" starttime="20220202 16:32:35.609" endtime="20220202 16:32:38.040"/>
</test>
<test id="s1-t10" name="PartialUpdateBooking">
<kw name="Create Dictionary" library="BuiltIn">
<var>${headers}</var>
<arg>Content-Type=application/json</arg>
<arg>Accept=application/json</arg>
<arg>Cookie=token=${token}</arg>
<doc>Creates and returns a dictionary based on the given ``items``.</doc>
<msg timestamp="20220202 16:32:38.050" level="INFO">${headers} = {'Content-Type': 'application/json', 'Accept': 'application/json', 'Cookie': 'token=8f04503ef664693'}</msg>
<status status="PASS" starttime="20220202 16:32:38.048" endtime="20220202 16:32:38.050"/>
</kw>
<kw name="Create Dictionary" library="BuiltIn">
<var>${data}</var>
<arg>firstname=Joseph</arg>
<arg>lastname=Maleno</arg>
<doc>Creates and returns a dictionary based on the given ``items``.</doc>
<msg timestamp="20220202 16:32:38.053" level="INFO">${data} = {'firstname': 'Joseph', 'lastname': 'Maleno'}</msg>
<status status="PASS" starttime="20220202 16:32:38.051" endtime="20220202 16:32:38.053"/>
</kw>
<kw name="PATCH" library="RequestsLibrary">
<var>${response}</var>
<arg>${base_url}${api}[booking]/${new_booking_id}</arg>
<arg>headers=${headers}</arg>
<arg>json=${data}</arg>
<arg>expected_status=200</arg>
<doc>Sends a PUT request.</doc>
<msg timestamp="20220202 16:32:39.283" level="INFO">PATCH Request : url=https://restful-booker.herokuapp.com/booking/11 
 path_url=/booking/11 
 headers={'User-Agent': 'python-requests/2.27.1', 'Accept-Encoding': 'gzip, deflate', 'Accept': 'application/json', 'Connection': 'keep-alive', 'Content-Type': 'application/json', 'Cookie': 'token=8f04503ef664693', 'Content-Length': '45'} 
 body=b'{"firstname": "Joseph", "lastname": "Maleno"}' 
 </msg>
<msg timestamp="20220202 16:32:39.284" level="INFO">PATCH Response : url=https://restful-booker.herokuapp.com/booking/11 
 status=200, reason=OK 
 headers={'Server': 'Cowboy', 'Connection': 'keep-alive', 'X-Powered-By': 'Express', 'Content-Type': 'application/json; charset=utf-8', 'Content-Length': '172', 'Etag': 'W/"ac-j3htoIUpa6KPeeKNyP67NjGpNno"', 'Date': 'Wed, 02 Feb 2022 11:02:37 GMT', 'Via': '1.1 vegur'} 
 body={"firstname":"Joseph","lastname":"Maleno","totalprice":200,"depositpaid":true,"bookingdates":{"checkin":"2022-01-01","checkout":"2022-01-09"},"additionalneeds":"Breakfast"} 
 </msg>
<msg timestamp="20220202 16:32:39.285" level="INFO">${response} = &lt;Response [200]&gt;</msg>
<status status="PASS" starttime="20220202 16:32:38.056" endtime="20220202 16:32:39.285"/>
</kw>
<kw name="GET" library="RequestsLibrary">
<var>${new_booking}</var>
<arg>${base_url}${api}[booking]/${new_booking_id}</arg>
<arg>expected_status=200</arg>
<doc>Sends a GET request.</doc>
<msg timestamp="20220202 16:32:40.462" level="INFO">GET Request : url=https://restful-booker.herokuapp.com/booking/11 
 path_url=/booking/11 
 headers={'User-Agent': 'python-requests/2.27.1', 'Accept-Encoding': 'gzip, deflate', 'Accept': '*/*', 'Connection': 'keep-alive'} 
 body=None 
 </msg>
<msg timestamp="20220202 16:32:40.462" level="INFO">GET Response : url=https://restful-booker.herokuapp.com/booking/11 
 status=200, reason=OK 
 headers={'Server': 'Cowboy', 'Connection': 'keep-alive', 'X-Powered-By': 'Express', 'Content-Type': 'application/json; charset=utf-8', 'Content-Length': '172', 'Etag': 'W/"ac-j3htoIUpa6KPeeKNyP67NjGpNno"', 'Date': 'Wed, 02 Feb 2022 11:02:38 GMT', 'Via': '1.1 vegur'} 
 body={"firstname":"Joseph","lastname":"Maleno","totalprice":200,"depositpaid":true,"bookingdates":{"checkin":"2022-01-01","checkout":"2022-01-09"},"additionalneeds":"Breakfast"} 
 </msg>
<msg timestamp="20220202 16:32:40.463" level="INFO">${new_booking} = &lt;Response [200]&gt;</msg>
<status status="PASS" starttime="20220202 16:32:39.287" endtime="20220202 16:32:40.463"/>
</kw>
<kw name="Set Variable" library="BuiltIn">
<var>${firstname}</var>
<arg>${new_booking.json()}[firstname]</arg>
<doc>Returns the given values which can then be assigned to a variables.</doc>
<msg timestamp="20220202 16:32:40.467" level="INFO">${firstname} = Joseph</msg>
<status status="PASS" starttime="20220202 16:32:40.464" endtime="20220202 16:32:40.468"/>
</kw>
<kw name="Set Variable" library="BuiltIn">
<var>${lastname}</var>
<arg>${new_booking.json()}[lastname]</arg>
<doc>Returns the given values which can then be assigned to a variables.</doc>
<msg timestamp="20220202 16:32:40.472" level="INFO">${lastname} = Maleno</msg>
<status status="PASS" starttime="20220202 16:32:40.469" endtime="20220202 16:32:40.472"/>
</kw>
<kw name="Should Be Equal" library="BuiltIn">
<arg>${firstname}</arg>
<arg>${data}[firstname]</arg>
<doc>Fails if the given objects are unequal.</doc>
<status status="PASS" starttime="20220202 16:32:40.473" endtime="20220202 16:32:40.474"/>
</kw>
<kw name="Should Be Equal" library="BuiltIn">
<arg>${lastname}</arg>
<arg>${data}[lastname]</arg>
<doc>Fails if the given objects are unequal.</doc>
<status status="PASS" starttime="20220202 16:32:40.475" endtime="20220202 16:32:40.476"/>
</kw>
<doc>Updates a current booking with a partial payload</doc>
<tag>API</tag>
<tag>Booking</tag>
<tag>PartialUpdateBooking</tag>
<tag>Valid</tag>
<status status="PASS" starttime="20220202 16:32:38.044" endtime="20220202 16:32:40.477"/>
</test>
<test id="s1-t11" name="DeleteBooking">
<kw name="Set Variable" library="BuiltIn">
<var>${cookies}</var>
<arg>token=${token}</arg>
<doc>Returns the given values which can then be assigned to a variables.</doc>
<msg timestamp="20220202 16:32:40.488" level="INFO">${cookies} = token=8f04503ef664693</msg>
<status status="PASS" starttime="20220202 16:32:40.487" endtime="20220202 16:32:40.488"/>
</kw>
<kw name="Create Dictionary" library="BuiltIn">
<var>${headers}</var>
<arg>Content-Type=application/json</arg>
<arg>Cookie=${cookies}</arg>
<doc>Creates and returns a dictionary based on the given ``items``.</doc>
<msg timestamp="20220202 16:32:40.490" level="INFO">${headers} = {'Content-Type': 'application/json', 'Cookie': 'token=8f04503ef664693'}</msg>
<status status="PASS" starttime="20220202 16:32:40.489" endtime="20220202 16:32:40.490"/>
</kw>
<kw name="DELETE" library="RequestsLibrary">
<var>${response}</var>
<arg>${base_url}${api}[booking]/${new_booking_id}</arg>
<arg>headers=${headers}</arg>
<arg>expected_status=201</arg>
<doc>Sends a DELETE request.</doc>
<msg timestamp="20220202 16:32:41.638" level="INFO">DELETE Request : url=https://restful-booker.herokuapp.com/booking/11 
 path_url=/booking/11 
 headers={'User-Agent': 'python-requests/2.27.1', 'Accept-Encoding': 'gzip, deflate', 'Accept': '*/*', 'Connection': 'keep-alive', 'Content-Type': 'application/json', 'Cookie': 'token=8f04503ef664693', 'Content-Length': '0'} 
 body=None 
 </msg>
<msg timestamp="20220202 16:32:41.639" level="INFO">DELETE Response : url=https://restful-booker.herokuapp.com/booking/11 
 status=201, reason=Created 
 headers={'Server': 'Cowboy', 'Connection': 'keep-alive', 'X-Powered-By': 'Express', 'Content-Type': 'text/plain; charset=utf-8', 'Content-Length': '7', 'Etag': 'W/"7-rM9AyJuqT6iOan/xHh+AW+7K/T8"', 'Date': 'Wed, 02 Feb 2022 11:02:39 GMT', 'Via': '1.1 vegur'} 
 body=Created 
 </msg>
<msg timestamp="20220202 16:32:41.639" level="INFO">${response} = &lt;Response [201]&gt;</msg>
<status status="PASS" starttime="20220202 16:32:40.492" endtime="20220202 16:32:41.639"/>
</kw>
<kw name="Should Be Equal As Strings" library="BuiltIn">
<arg>Created</arg>
<arg>${response.content}</arg>
<doc>Fails if objects are unequal after converting them to strings.</doc>
<msg timestamp="20220202 16:32:41.642" level="INFO">Argument types are:
&lt;type 'unicode'&gt;
&lt;class 'bytes'&gt;</msg>
<status status="PASS" starttime="20220202 16:32:41.640" endtime="20220202 16:32:41.643"/>
</kw>
<kw name="GET" library="RequestsLibrary">
<var>${new_booking}</var>
<arg>${base_url}${api}[booking]/${new_booking_id}</arg>
<arg>expected_status=404</arg>
<doc>Sends a GET request.</doc>
<msg timestamp="20220202 16:32:42.857" level="INFO">GET Request : url=https://restful-booker.herokuapp.com/booking/11 
 path_url=/booking/11 
 headers={'User-Agent': 'python-requests/2.27.1', 'Accept-Encoding': 'gzip, deflate', 'Accept': '*/*', 'Connection': 'keep-alive'} 
 body=None 
 </msg>
<msg timestamp="20220202 16:32:42.858" level="INFO">GET Response : url=https://restful-booker.herokuapp.com/booking/11 
 status=404, reason=Not Found 
 headers={'Server': 'Cowboy', 'Connection': 'keep-alive', 'X-Powered-By': 'Express', 'Content-Type': 'text/plain; charset=utf-8', 'Content-Length': '9', 'Etag': 'W/"9-0gXL1ngzMqISxa6S1zx3F4wtLyg"', 'Date': 'Wed, 02 Feb 2022 11:02:41 GMT', 'Via': '1.1 vegur'} 
 body=Not Found 
 </msg>
<msg timestamp="20220202 16:32:42.858" level="INFO">${new_booking} = &lt;Response [404]&gt;</msg>
<status status="PASS" starttime="20220202 16:32:41.644" endtime="20220202 16:32:42.858"/>
</kw>
<kw name="Log" library="BuiltIn">
<arg>${new_booking}</arg>
<doc>Logs the given message with the given level.</doc>
<msg timestamp="20220202 16:32:42.862" level="INFO">&lt;Response [404]&gt;</msg>
<status status="PASS" starttime="20220202 16:32:42.861" endtime="20220202 16:32:42.862"/>
</kw>
<doc>Returns the ids of all the bookings that exist within the API</doc>
<tag>API</tag>
<tag>Booking</tag>
<tag>DeleteBooking</tag>
<tag>Valid</tag>
<status status="PASS" starttime="20220202 16:32:40.483" endtime="20220202 16:32:42.863"/>
</test>
<status status="PASS" starttime="20220202 16:32:21.908" endtime="20220202 16:32:42.870"/>
</suite>
<statistics>
<total>
<stat pass="11" fail="0" skip="0">All Tests</stat>
</total>
<tag>
<stat pass="11" fail="0" skip="0">API</stat>
<stat pass="1" fail="0" skip="0">Auth</stat>
<stat pass="6" fail="0" skip="0">Booking</stat>
<stat pass="3" fail="0" skip="0">Booking1</stat>
<stat pass="2" fail="0" skip="0">CreateBooking</stat>
<stat pass="1" fail="0" skip="0">CreateToken</stat>
<stat pass="1" fail="0" skip="0">DeleteBooking</stat>
<stat pass="1" fail="0" skip="0">GetBooking</stat>
<stat pass="1" fail="0" skip="0">GetBookingIds</stat>
<stat pass="1" fail="0" skip="0">GetBookingIdsByDate</stat>
<stat pass="1" fail="0" skip="0">GetBookingIdsByName</stat>
<stat pass="1" fail="0" skip="0">HealthCheck</stat>
<stat pass="1" fail="0" skip="0">PartialUpdateBooking</stat>
<stat pass="1" fail="0" skip="0">Ping</stat>
<stat pass="1" fail="0" skip="0">UpdateBooking</stat>
<stat pass="11" fail="0" skip="0">Valid</stat>
</tag>
<suite>
<stat pass="11" fail="0" skip="0" id="s1" name="Successful Scenarios">Successful Scenarios</stat>
</suite>
</statistics>
<errors>
</errors>
</robot>
