<?xml version="1.0" encoding="UTF-8"?>
<robot generator="Robot 4.1.3 (Python 3.9.7 on win32)" generated="20220131 13:29:04.944" rpa="false" schemaversion="2">
<suite id="s1" name="Successful Scenarios" source="D:\TruMinds\bookingrestapi\TestSuites\successful_scenarios.robot">
<test id="s1-t1" name="CreateToken">
<kw name="POST" library="REST">
<arg>${api}[auth]</arg>
<arg>{ "username" : "${env}[admin_username]", "password" : "${env}[admin_password]" }</arg>
<tag>http</tag>
<doc>*Sends a POST request to the endpoint.*</doc>
<status status="PASS" starttime="20220131 13:29:05.460" endtime="20220131 13:29:11.372"/>
</kw>
<kw name="Output" library="REST">
<var>${token_val}</var>
<arg>response body token</arg>
<tag>I/O</tag>
<doc>*Outputs JSON to terminal or a file.*</doc>
<msg timestamp="20220131 13:29:11.374" level="INFO">
"d66a99db85c5f54"</msg>
<msg timestamp="20220131 13:29:11.413" level="INFO">${token_val} = d66a99db85c5f54</msg>
<status status="PASS" starttime="20220131 13:29:11.373" endtime="20220131 13:29:11.413"/>
</kw>
<kw name="Set Suite Variable" library="BuiltIn">
<arg>${token}</arg>
<arg>${token_val}</arg>
<doc>Makes a variable available everywhere within the scope of the current suite.</doc>
<msg timestamp="20220131 13:29:11.419" level="INFO">${token} = d66a99db85c5f54</msg>
<status status="PASS" starttime="20220131 13:29:11.416" endtime="20220131 13:29:11.419"/>
</kw>
<kw name="Log To Console" library="BuiltIn">
<arg>${token}</arg>
<doc>Logs the given message to the console.</doc>
<status status="PASS" starttime="20220131 13:29:11.420" endtime="20220131 13:29:11.421"/>
</kw>
<kw name="Integer" library="REST">
<arg>response status</arg>
<arg>200</arg>
<tag>assertions</tag>
<doc>*Asserts the field as JSON integer.*</doc>
<status status="PASS" starttime="20220131 13:29:11.423" endtime="20220131 13:29:11.446"/>
</kw>
<tag>API</tag>
<tag>Auth</tag>
<tag>CreateToken</tag>
<tag>Flow</tag>
<tag>Valid</tag>
<status status="PASS" starttime="20220131 13:29:05.458" endtime="20220131 13:29:11.447"/>
</test>
<test id="s1-t2" name="GetBookingIds">
<kw name="GET" library="REST">
<arg>${api}[booking]</arg>
<tag>http</tag>
<doc>*Sends a GET request to the endpoint.*</doc>
<status status="PASS" starttime="20220131 13:29:11.453" endtime="20220131 13:29:12.846"/>
</kw>
<kw name="Output" library="REST">
<var>${l}</var>
<arg>response body</arg>
<tag>I/O</tag>
<doc>*Outputs JSON to terminal or a file.*</doc>
<msg timestamp="20220131 13:29:12.847" level="INFO">
[
    {
        "bookingid": 17
    },
    {
        "bookingid": 23
    },
    {
        "bookingid": 25
    },
    {
        "bookingid": 11
    },
    {
        "bookingid": 24
    },
    {
        "bookingid": 18
    },
    {
        "bookingid": 20
    },
    {
        "bookingid": 14
    },
    {
        "bookingid": 15
    },
    {
        "bookingid": 1
    },
    {
        "bookingid": 10
    },
    {
        "bookingid": 12
    },
    {
        "bookingid": 3
    },
    {
        "bookingid": 8
    },
    {
        "bookingid": 9
    },
    {
        "bookingid": 16
    },
    {
        "bookingid": 13
    },
    {
        "bookingid": 19
    },
    {
        "bookingid": 2
    },
    {
        "bookingid": 5
    },
    {
        "bookingid": 4
    },
    {
        "bookingid": 7
    },
    {
        "bookingid": 22
    },
    {
        "bookingid": 21
    },
    {
        "bookingid": 6
    },
    {
        "bookingid": 26
    }
]</msg>
<msg timestamp="20220131 13:29:12.850" level="INFO">${l} = [{'bookingid': 17}, {'bookingid': 23}, {'bookingid': 25}, {'bookingid': 11}, {'bookingid': 24}, {'bookingid': 18}, {'bookingid': 20}, {'bookingid': 14}, {'bookingid': 15}, {'bookingid': 1}, {'bookingi...</msg>
<status status="PASS" starttime="20220131 13:29:12.847" endtime="20220131 13:29:12.850"/>
</kw>
<kw name="Set Suite Variable" library="BuiltIn">
<arg>${some_id}</arg>
<arg>${l}[0][bookingid]</arg>
<doc>Makes a variable available everywhere within the scope of the current suite.</doc>
<msg timestamp="20220131 13:29:12.852" level="INFO">${some_id} = 17</msg>
<status status="PASS" starttime="20220131 13:29:12.850" endtime="20220131 13:29:12.852"/>
</kw>
<kw name="Integer" library="REST">
<arg>response status</arg>
<arg>200</arg>
<tag>assertions</tag>
<doc>*Asserts the field as JSON integer.*</doc>
<status status="PASS" starttime="20220131 13:29:12.852" endtime="20220131 13:29:12.854"/>
</kw>
<tag>API</tag>
<tag>Booking3</tag>
<tag>Flow</tag>
<tag>GetBookingIds</tag>
<tag>Valid</tag>
<status status="PASS" starttime="20220131 13:29:11.452" endtime="20220131 13:29:12.855"/>
</test>
<test id="s1-t3" name="GetBooking">
<kw name="GET" library="REST">
<arg>${api}[booking]/${some_id}</arg>
<tag>http</tag>
<doc>*Sends a GET request to the endpoint.*</doc>
<msg timestamp="20220131 13:29:14.203" level="WARN">Response body content is not JSON. Content-Type is: text/plain; charset=utf-8</msg>
<status status="PASS" starttime="20220131 13:29:12.857" endtime="20220131 13:29:14.208"/>
</kw>
<kw name="Output" library="REST">
<arg>response body</arg>
<tag>I/O</tag>
<doc>*Outputs JSON to terminal or a file.*</doc>
<msg timestamp="20220131 13:29:14.210" level="INFO">
"I'm a teapot"</msg>
<status status="PASS" starttime="20220131 13:29:14.209" endtime="20220131 13:29:14.210"/>
</kw>
<kw name="Integer" library="REST">
<arg>response status</arg>
<arg>200</arg>
<tag>assertions</tag>
<doc>*Asserts the field as JSON integer.*</doc>
<msg timestamp="20220131 13:29:14.224" level="FAIL">418 is not one of [200]

Failed validating 'enum' in schema:
    {'enum': [200], 'type': 'integer'}

On instance:
    418</msg>
<status status="FAIL" starttime="20220131 13:29:14.214" endtime="20220131 13:29:14.224"/>
</kw>
<tag>API</tag>
<tag>Booking3</tag>
<tag>Flow</tag>
<tag>GetBooking</tag>
<tag>Valid</tag>
<status status="FAIL" starttime="20220131 13:29:12.857" endtime="20220131 13:29:14.226">418 is not one of [200]

Failed validating 'enum' in schema:
    {'enum': [200], 'type': 'integer'}

On instance:
    418</status>
</test>
<test id="s1-t4" name="DeleteBooking">
<kw name="DELETE" library="REST">
<arg>${api}[booking]/${some_id}</arg>
<arg>headers={"Cookie": "token=${token}"}</arg>
<tag>http</tag>
<doc>*Sends a DELETE request to the endpoint.*</doc>
<msg timestamp="20220131 13:29:15.948" level="WARN">Response body content is not JSON. Content-Type is: text/plain; charset=utf-8</msg>
<status status="PASS" starttime="20220131 13:29:14.237" endtime="20220131 13:29:15.954"/>
</kw>
<kw name="Output" library="REST">
<arg>response body</arg>
<tag>I/O</tag>
<doc>*Outputs JSON to terminal or a file.*</doc>
<msg timestamp="20220131 13:29:15.956" level="INFO">
"Created"</msg>
<status status="PASS" starttime="20220131 13:29:15.955" endtime="20220131 13:29:15.957"/>
</kw>
<kw name="GET" library="REST">
<arg>${api}[booking]</arg>
<tag>http</tag>
<doc>*Sends a GET request to the endpoint.*</doc>
<status status="PASS" starttime="20220131 13:29:15.959" endtime="20220131 13:29:17.668"/>
</kw>
<kw name="Output" library="REST">
<arg>response body</arg>
<tag>I/O</tag>
<doc>*Outputs JSON to terminal or a file.*</doc>
<msg timestamp="20220131 13:29:17.671" level="INFO">
[
    {
        "bookingid": 23
    },
    {
        "bookingid": 25
    },
    {
        "bookingid": 11
    },
    {
        "bookingid": 24
    },
    {
        "bookingid": 18
    },
    {
        "bookingid": 20
    },
    {
        "bookingid": 14
    },
    {
        "bookingid": 15
    },
    {
        "bookingid": 1
    },
    {
        "bookingid": 10
    },
    {
        "bookingid": 12
    },
    {
        "bookingid": 3
    },
    {
        "bookingid": 8
    },
    {
        "bookingid": 9
    },
    {
        "bookingid": 16
    },
    {
        "bookingid": 13
    },
    {
        "bookingid": 19
    },
    {
        "bookingid": 2
    },
    {
        "bookingid": 5
    },
    {
        "bookingid": 4
    },
    {
        "bookingid": 7
    },
    {
        "bookingid": 22
    },
    {
        "bookingid": 21
    },
    {
        "bookingid": 6
    },
    {
        "bookingid": 26
    }
]</msg>
<status status="PASS" starttime="20220131 13:29:17.670" endtime="20220131 13:29:17.679"/>
</kw>
<kw name="Integer" library="REST">
<arg>response status</arg>
<arg>200</arg>
<tag>assertions</tag>
<doc>*Asserts the field as JSON integer.*</doc>
<status status="PASS" starttime="20220131 13:29:17.681" endtime="20220131 13:29:17.687"/>
</kw>
<tag>API</tag>
<tag>Booking3</tag>
<tag>DeleteBooking</tag>
<tag>Flow</tag>
<tag>Valid</tag>
<status status="PASS" starttime="20220131 13:29:14.235" endtime="20220131 13:29:17.693"/>
</test>
<status status="FAIL" starttime="20220131 13:29:04.947" endtime="20220131 13:29:17.698"/>
</suite>
<statistics>
<total>
<stat pass="3" fail="1" skip="0">All Tests</stat>
</total>
<tag>
<stat pass="3" fail="1" skip="0">API</stat>
<stat pass="1" fail="0" skip="0">Auth</stat>
<stat pass="2" fail="1" skip="0">Booking3</stat>
<stat pass="1" fail="0" skip="0">CreateToken</stat>
<stat pass="1" fail="0" skip="0">DeleteBooking</stat>
<stat pass="3" fail="1" skip="0">Flow</stat>
<stat pass="0" fail="1" skip="0">GetBooking</stat>
<stat pass="1" fail="0" skip="0">GetBookingIds</stat>
<stat pass="3" fail="1" skip="0">Valid</stat>
</tag>
<suite>
<stat pass="3" fail="1" skip="0" id="s1" name="Successful Scenarios">Successful Scenarios</stat>
</suite>
</statistics>
<errors>
<msg timestamp="20220131 13:29:14.203" level="WARN">Response body content is not JSON. Content-Type is: text/plain; charset=utf-8</msg>
<msg timestamp="20220131 13:29:15.948" level="WARN">Response body content is not JSON. Content-Type is: text/plain; charset=utf-8</msg>
</errors>
</robot>
